      5000:  1195249.0
     10000:  1110804.0
     15000:  1060111.0
     20000:  1006241.0
     25000:   965703.0
     30000:   927550.0
     35000:   898678.0
     40000:   875675.0
     45000:   854730.0
     50000:   835651.0
     55000:   820622.0
     60000:   806019.0
     65000:   789945.0
     70000:   777346.0
     75000:   769770.0
     80000:   759556.0
     85000:   751980.0
     90000:   742921.0
     95000:   735245.0
    100000:   721141.0
    105000:   713537.0
    110000:   702935.0
    115000:   695871.0
    120000:   689523.0
    125000:   682586.0
    130000:   673497.0
    135000:   666729.0
    140000:   660690.0
    145000:   656642.0
    150000:   652125.0
    155000:   647579.0
    160000:   643392.0
    165000:   638501.0
    170000:   631268.0
    175000:   625820.0
    180000:   620179.0
    185000:   614490.0
    190000:   611650.0
    195000:   606540.0
    200000:   604325.0
